<?xml version="1.0" encoding="UTF-8"?>
<!-- Generated by org.testng.reporters.JUnitXMLReporter -->
<testsuite ignored="0" hostname="DESKTOP-9BJ4JH8" failures="1" tests="1" name="Test" time="0.334" errors="0" timestamp="2023-09-30T18:57:32 NZDT">
  <testcase classname="io.cucumber.testng.AbstractTestNGCucumberTests" name="runScenario" time="0.15">
    <failure type="java.lang.NullPointerException" message="Cannot invoke &amp;quot;org.openqa.selenium.WebDriver.getTitle()&amp;quot; because &amp;quot;com.swiggy.testscripts.OrderPizzaTestStep.driver&amp;quot; is null">
      <![CDATA[java.lang.NullPointerException: Cannot invoke "org.openqa.selenium.WebDriver.getTitle()" because "com.swiggy.testscripts.OrderPizzaTestStep.driver" is null
at com.swiggy.testscripts.OrderPizzaTestStep.a_user_is_on_the_home_of_swiggy(OrderPizzaTestStep.java:16)
at ✽.a user is on the home of Swiggy(file:///C:/Users/dulee/eclipse-workspace/SwiggyTestAutomation/Feature/orderPizza.feature:4)
]]>
    </failure>
  </testcase> <!-- runScenario -->
</testsuite> <!-- Test -->
