<?xml version="1.0" encoding="UTF-8"?>
<testng-results ignored="0" total="1" passed="0" failed="1" skipped="0">
  <reporter-output>
  </reporter-output>
  <suite started-at="2023-09-30T18:57:31 NZDT" name="Suite" finished-at="2023-09-30T18:57:32 NZDT" duration-ms="334">
    <groups>
      <group name="cucumber">
        <method signature="AbstractTestNGCucumberTests.runScenario(io.cucumber.testng.PickleWrapper,io.cucumber.testng.FeatureWrapper)[pri:0, instance:com.swiggy.testscripts.TestRunner@344f4dea]" name="runScenario" class="io.cucumber.testng.AbstractTestNGCucumberTests"/>
      </group> <!-- cucumber -->
    </groups>
    <test started-at="2023-09-30T18:57:31 NZDT" name="Test" finished-at="2023-09-30T18:57:32 NZDT" duration-ms="334">
      <class name="com.swiggy.testscripts.TestRunner">
        <test-method is-config="true" signature="setUpClass(org.testng.ITestContext)[pri:0, instance:com.swiggy.testscripts.TestRunner@344f4dea]" started-at="2023-09-30T18:57:31 NZDT" name="setUpClass" finished-at="2023-09-30T18:57:31 NZDT" duration-ms="143" status="PASS">
          <params>
            <param index="0">
              <value>
                <![CDATA[org.testng.TestRunner@58294867]]>
              </value>
            </param>
          </params>
          <reporter-output>
          </reporter-output>
        </test-method> <!-- setUpClass -->
        <test-method signature="runScenario(io.cucumber.testng.PickleWrapper,io.cucumber.testng.FeatureWrapper)[pri:0, instance:com.swiggy.testscripts.TestRunner@344f4dea]" started-at="2023-09-30T18:57:31 NZDT" name="runScenario" description="Runs Cucumber Scenarios" data-provider="scenarios" finished-at="2023-09-30T18:57:32 NZDT" duration-ms="150" status="FAIL">
          <params>
            <param index="0">
              <value>
                <![CDATA["Order Pizza From Swiggy"]]>
              </value>
            </param>
            <param index="1">
              <value>
                <![CDATA["Optional[a user should be able to order Pizza from Swiggy]"]]>
              </value>
            </param>
          </params>
          <exception class="java.lang.NullPointerException">
            <message>
              <![CDATA[Cannot invoke "org.openqa.selenium.WebDriver.getTitle()" because "com.swiggy.testscripts.OrderPizzaTestStep.driver" is null]]>
            </message>
            <full-stacktrace>
              <![CDATA[java.lang.NullPointerException: Cannot invoke "org.openqa.selenium.WebDriver.getTitle()" because "com.swiggy.testscripts.OrderPizzaTestStep.driver" is null
at com.swiggy.testscripts.OrderPizzaTestStep.a_user_is_on_the_home_of_swiggy(OrderPizzaTestStep.java:16)
at ✽.a user is on the home of Swiggy(file:///C:/Users/dulee/eclipse-workspace/SwiggyTestAutomation/Feature/orderPizza.feature:4)
]]>
            </full-stacktrace>
          </exception> <!-- java.lang.NullPointerException -->
          <reporter-output>
          </reporter-output>
        </test-method> <!-- runScenario -->
        <test-method is-config="true" signature="tearDownClass()[pri:0, instance:com.swiggy.testscripts.TestRunner@344f4dea]" started-at="2023-09-30T18:57:32 NZDT" name="tearDownClass" finished-at="2023-09-30T18:57:32 NZDT" duration-ms="13" status="PASS">
          <reporter-output>
          </reporter-output>
        </test-method> <!-- tearDownClass -->
      </class> <!-- com.swiggy.testscripts.TestRunner -->
    </test> <!-- Test -->
  </suite> <!-- Suite -->
</testng-results>
