<?xml version="1.0" encoding="UTF-8"?>
<!-- Generated by org.testng.reporters.JUnitReportReporter -->
<testsuite hostname="DESKTOP-9BJ4JH8" failures="0" tests="1" name="com.swiggy.testscripts.TestRunner" time="0.150" errors="1" timestamp="2023-09-30T18:57:32 NZDT" skipped="0">
  <testcase classname="com.swiggy.testscripts.TestRunner" name="runScenario" time="0.150">
    <error message="Cannot invoke &quot;org.openqa.selenium.WebDriver.getTitle()&quot; because &quot;com.swiggy.testscripts.OrderPizzaTestStep.driver&quot; is null" type="java.lang.NullPointerException">
      <![CDATA[java.lang.NullPointerException: Cannot invoke "org.openqa.selenium.WebDriver.getTitle()" because "com.swiggy.testscripts.OrderPizzaTestStep.driver" is null
at com.swiggy.testscripts.OrderPizzaTestStep.a_user_is_on_the_home_of_swiggy(OrderPizzaTestStep.java:16)
at ✽.a user is on the home of Swiggy(file:///C:/Users/dulee/eclipse-workspace/SwiggyTestAutomation/Feature/orderPizza.feature:4)
]]>
    </error>
  </testcase> <!-- runScenario -->
  <system-out/>
</testsuite> <!-- com.swiggy.testscripts.TestRunner -->
